02-21 20:28:39 com_github_MitjaNemec_PlaceFootprints.action_place_footprints 674:Plugin executed on: 'linux'
02-21 20:28:39 com_github_MitjaNemec_PlaceFootprints.action_place_footprints 675:Plugin executed with python version: '3.12.3 (main, Jan 22 2026, 20:57:42) [GCC 13.3.0]'
02-21 20:28:39 com_github_MitjaNemec_PlaceFootprints.action_place_footprints 676:KiCad build version: 9.0.7-9.0.7~ubuntu24.04.1
02-21 20:28:39 com_github_MitjaNemec_PlaceFootprints.action_place_footprints 677:Plugin version: 4.0.1
02-21 20:28:39 com_github_MitjaNemec_PlaceFootprints.action_place_footprints 678:Frame repr: <wx._core.Frame object at 0x7f333e5e63c0>
02-21 20:28:39 com_github_MitjaNemec_PlaceFootprints.place_footprints 121:getting a list of all footprints on board
02-21 20:28:39 com_github_MitjaNemec_PlaceFootprints.place_footprints 156:Footprint D512 on root level
02-21 20:28:39 com_github_MitjaNemec_PlaceFootprints.place_footprints 156:Footprint D480 on root level
02-21 20:28:39 com_github_MitjaNemec_PlaceFootprints.place_footprints 156:Footprint D448 on root level
02-21 20:28:39 com_github_MitjaNemec_PlaceFootprints.place_footprints 156:Footprint D416 on root level
02-21 20:28:39 com_github_MitjaNemec_PlaceFootprints.place_footprints 156:Footprint D384 on root level
02-21 20:28:39 com_github_MitjaNemec_PlaceFootprints.place_footprints 156:Footprint D352 on root level
02-21 20:28:39 com_github_MitjaNemec_PlaceFootprints.place_footprints 156:Footprint D320 on root level
02-21 20:28:39 com_github_MitjaNemec_PlaceFootprints.place_footprints 156:Footprint D288 on root level
02-21 20:28:39 com_github_MitjaNemec_PlaceFootprints.place_footprints 156:Footprint D256 on root level
02-21 20:28:39 com_github_MitjaNemec_PlaceFootprints.place_footprints 156:Footprint D224 on root level
02-21 20:28:39 com_github_MitjaNemec_PlaceFootprints.place_footprints 156:Footprint D192 on root level
02-21 20:28:39 com_github_MitjaNemec_PlaceFootprints.place_footprints 156:Footprint D160 on root level
02-21 20:28:39 com_github_MitjaNemec_PlaceFootprints.place_footprints 156:Footprint D128 on root level
02-21 20:28:39 com_github_MitjaNemec_PlaceFootprints.place_footprints 156:Footprint D96 on root level
02-21 20:28:39 com_github_MitjaNemec_PlaceFootprints.place_footprints 156:Footprint D64 on root level
02-21 20:28:39 com_github_MitjaNemec_PlaceFootprints.place_footprints 156:Footprint D32 on root level
02-21 20:28:39 com_github_MitjaNemec_PlaceFootprints.place_footprints 156:Footprint D511 on root level
02-21 20:28:39 com_github_MitjaNemec_PlaceFootprints.place_footprints 156:Footprint D479 on root level
02-21 20:28:39 com_github_MitjaNemec_PlaceFootprints.place_footprints 156:Footprint D447 on root level
02-21 20:28:39 com_github_MitjaNemec_PlaceFootprints.place_footprints 156:Footprint D415 on root level
02-21 20:28:39 com_github_MitjaNemec_PlaceFootprints.place_footprints 156:Footprint D383 on root level
02-21 20:28:39 com_github_MitjaNemec_PlaceFootprints.place_footprints 156:Footprint D351 on root level
02-21 20:28:39 com_github_MitjaNemec_PlaceFootprints.place_footprints 156:Footprint D319 on root level
02-21 20:28:39 com_github_MitjaNemec_PlaceFootprints.place_footprints 156:Footprint D287 on root level
02-21 20:28:39 com_github_MitjaNemec_PlaceFootprints.place_footprints 156:Footprint D255 on root level
02-21 20:28:39 com_github_MitjaNemec_PlaceFootprints.place_footprints 156:Footprint D223 on root level
02-21 20:28:39 com_github_MitjaNemec_PlaceFootprints.place_footprints 156:Footprint D191 on root level
02-21 20:28:39 com_github_MitjaNemec_PlaceFootprints.place_footprints 156:Footprint D159 on root level
02-21 20:28:39 com_github_MitjaNemec_PlaceFootprints.place_footprints 156:Footprint D127 on root level
02-21 20:28:39 com_github_MitjaNemec_PlaceFootprints.place_footprints 156:Footprint D95 on root level
02-21 20:28:39 com_github_MitjaNemec_PlaceFootprints.place_footprints 156:Footprint D63 on root level
02-21 20:28:39 com_github_MitjaNemec_PlaceFootprints.place_footprints 156:Footprint D31 on root level
02-21 20:28:39 com_github_MitjaNemec_PlaceFootprints.place_footprints 156:Footprint D510 on root level
02-21 20:28:39 com_github_MitjaNemec_PlaceFootprints.place_footprints 156:Footprint D478 on root level
02-21 20:28:39 com_github_MitjaNemec_PlaceFootprints.place_footprints 156:Footprint D446 on root level
02-21 20:28:39 com_github_MitjaNemec_PlaceFootprints.place_footprints 156:Footprint D414 on root level
02-21 20:28:39 com_github_MitjaNemec_PlaceFootprints.place_footprints 156:Footprint D382 on root level
02-21 20:28:39 com_github_MitjaNemec_PlaceFootprints.place_footprints 156:Footprint D350 on root level
02-21 20:28:39 com_github_MitjaNemec_PlaceFootprints.place_footprints 156:Footprint D318 on root level
02-21 20:28:39 com_github_MitjaNemec_PlaceFootprints.place_footprints 156:Footprint D286 on root level
02-21 20:28:39 com_github_MitjaNemec_PlaceFootprints.place_footprints 156:Footprint D254 on root level
02-21 20:28:39 com_github_MitjaNemec_PlaceFootprints.place_footprints 156:Footprint D222 on root level
02-21 20:28:39 com_github_MitjaNemec_PlaceFootprints.place_footprints 156:Footprint D190 on root level
02-21 20:28:39 com_github_MitjaNemec_PlaceFootprints.place_footprints 156:Footprint D158 on root level
02-21 20:28:39 com_github_MitjaNemec_PlaceFootprints.place_footprints 156:Footprint D126 on root level
02-21 20:28:39 com_github_MitjaNemec_PlaceFootprints.place_footprints 156:Footprint D94 on root level
02-21 20:28:39 com_github_MitjaNemec_PlaceFootprints.place_footprints 156:Footprint D62 on root level
02-21 20:28:39 com_github_MitjaNemec_PlaceFootprints.place_footprints 156:Footprint D30 on root level
02-21 20:28:39 com_github_MitjaNemec_PlaceFootprints.place_footprints 156:Footprint D509 on root level
02-21 20:28:39 com_github_MitjaNemec_PlaceFootprints.place_footprints 156:Footprint D477 on root level
02-21 20:28:39 com_github_MitjaNemec_PlaceFootprints.place_footprints 156:Footprint D445 on root level
02-21 20:28:39 com_github_MitjaNemec_PlaceFootprints.place_footprints 156:Footprint D413 on root level
02-21 20:28:39 com_github_MitjaNemec_PlaceFootprints.place_footprints 156:Footprint D381 on root level
02-21 20:28:39 com_github_MitjaNemec_PlaceFootprints.place_footprints 156:Footprint D349 on root level
02-21 20:28:39 com_github_MitjaNemec_PlaceFootprints.place_footprints 156:Footprint D317 on root level
02-21 20:28:39 com_github_MitjaNemec_PlaceFootprints.place_footprints 156:Footprint D285 on root level
02-21 20:28:39 com_github_MitjaNemec_PlaceFootprints.place_footprints 156:Footprint D253 on root level
02-21 20:28:39 com_github_MitjaNemec_PlaceFootprints.place_footprints 156:Footprint D221 on root level
02-21 20:28:39 com_github_MitjaNemec_PlaceFootprints.place_footprints 156:Footprint D189 on root level
02-21 20:28:39 com_github_MitjaNemec_PlaceFootprints.place_footprints 156:Footprint D157 on root level
02-21 20:28:39 com_github_MitjaNemec_PlaceFootprints.place_footprints 156:Footprint D125 on root level
02-21 20:28:39 com_github_MitjaNemec_PlaceFootprints.place_footprints 156:Footprint D93 on root level
02-21 20:28:39 com_github_MitjaNemec_PlaceFootprints.place_footprints 156:Footprint D61 on root level
02-21 20:28:39 com_github_MitjaNemec_PlaceFootprints.place_footprints 156:Footprint D29 on root level
02-21 20:28:39 com_github_MitjaNemec_PlaceFootprints.place_footprints 156:Footprint D508 on root level
02-21 20:28:39 com_github_MitjaNemec_PlaceFootprints.place_footprints 156:Footprint D476 on root level
02-21 20:28:39 com_github_MitjaNemec_PlaceFootprints.place_footprints 156:Footprint D444 on root level
02-21 20:28:39 com_github_MitjaNemec_PlaceFootprints.place_footprints 156:Footprint D412 on root level
02-21 20:28:39 com_github_MitjaNemec_PlaceFootprints.place_footprints 156:Footprint D380 on root level
02-21 20:28:39 com_github_MitjaNemec_PlaceFootprints.place_footprints 156:Footprint D348 on root level
02-21 20:28:39 com_github_MitjaNemec_PlaceFootprints.place_footprints 156:Footprint D316 on root level
02-21 20:28:39 com_github_MitjaNemec_PlaceFootprints.place_footprints 156:Footprint D284 on root level
02-21 20:28:39 com_github_MitjaNemec_PlaceFootprints.place_footprints 156:Footprint D252 on root level
02-21 20:28:39 com_github_MitjaNemec_PlaceFootprints.place_footprints 156:Footprint D220 on root level
02-21 20:28:39 com_github_MitjaNemec_PlaceFootprints.place_footprints 156:Footprint D188 on root level
02-21 20:28:39 com_github_MitjaNemec_PlaceFootprints.place_footprints 156:Footprint D156 on root level
02-21 20:28:39 com_github_MitjaNemec_PlaceFootprints.place_footprints 156:Footprint D124 on root level
02-21 20:28:39 com_github_MitjaNemec_PlaceFootprints.place_footprints 156:Footprint D92 on root level
02-21 20:28:39 com_github_MitjaNemec_PlaceFootprints.place_footprints 156:Footprint D60 on root level
02-21 20:28:39 com_github_MitjaNemec_PlaceFootprints.place_footprints 156:Footprint D28 on root level
02-21 20:28:39 com_github_MitjaNemec_PlaceFootprints.place_footprints 156:Footprint D507 on root level
02-21 20:28:39 com_github_MitjaNemec_PlaceFootprints.place_footprints 156:Footprint D475 on root level
02-21 20:28:39 com_github_MitjaNemec_PlaceFootprints.place_footprints 156:Footprint D443 on root level
02-21 20:28:39 com_github_MitjaNemec_PlaceFootprints.place_footprints 156:Footprint D411 on root level
02-21 20:28:39 com_github_MitjaNemec_PlaceFootprints.place_footprints 156:Footprint D379 on root level
02-21 20:28:39 com_github_MitjaNemec_PlaceFootprints.place_footprints 156:Footprint D347 on root level
02-21 20:28:39 com_github_MitjaNemec_PlaceFootprints.place_footprints 156:Footprint D315 on root level
02-21 20:28:39 com_github_MitjaNemec_PlaceFootprints.place_footprints 156:Footprint D283 on root level
02-21 20:28:39 com_github_MitjaNemec_PlaceFootprints.place_footprints 156:Footprint D251 on root level
02-21 20:28:39 com_github_MitjaNemec_PlaceFootprints.place_footprints 156:Footprint D219 on root level
02-21 20:28:39 com_github_MitjaNemec_PlaceFootprints.place_footprints 156:Footprint D187 on root level
02-21 20:28:39 com_github_MitjaNemec_PlaceFootprints.place_footprints 156:Footprint D155 on root level
02-21 20:28:39 com_github_MitjaNemec_PlaceFootprints.place_footprints 156:Footprint D123 on root level
02-21 20:28:39 com_github_MitjaNemec_PlaceFootprints.place_footprints 156:Footprint D91 on root level
02-21 20:28:39 com_github_MitjaNemec_PlaceFootprints.place_footprints 156:Footprint D59 on root level
02-21 20:28:39 com_github_MitjaNemec_PlaceFootprints.place_footprints 156:Footprint D27 on root level
02-21 20:28:39 com_github_MitjaNemec_PlaceFootprints.place_footprints 156:Footprint D506 on root level
02-21 20:28:39 com_github_MitjaNemec_PlaceFootprints.place_footprints 156:Footprint D474 on root level
02-21 20:28:39 com_github_MitjaNemec_PlaceFootprints.place_footprints 156:Footprint D442 on root level
02-21 20:28:39 com_github_MitjaNemec_PlaceFootprints.place_footprints 156:Footprint D410 on root level
02-21 20:28:39 com_github_MitjaNemec_PlaceFootprints.place_footprints 156:Footprint D378 on root level
02-21 20:28:39 com_github_MitjaNemec_PlaceFootprints.place_footprints 156:Footprint D346 on root level
02-21 20:28:39 com_github_MitjaNemec_PlaceFootprints.place_footprints 156:Footprint D314 on root level
02-21 20:28:39 com_github_MitjaNemec_PlaceFootprints.place_footprints 156:Footprint D282 on root level
02-21 20:28:39 com_github_MitjaNemec_PlaceFootprints.place_footprints 156:Footprint D250 on root level
02-21 20:28:39 com_github_MitjaNemec_PlaceFootprints.place_footprints 156:Footprint D218 on root level
02-21 20:28:39 com_github_MitjaNemec_PlaceFootprints.place_footprints 156:Footprint D186 on root level
02-21 20:28:39 com_github_MitjaNemec_PlaceFootprints.place_footprints 156:Footprint D154 on root level
02-21 20:28:39 com_github_MitjaNemec_PlaceFootprints.place_footprints 156:Footprint D122 on root level
02-21 20:28:39 com_github_MitjaNemec_PlaceFootprints.place_footprints 156:Footprint D90 on root level
02-21 20:28:39 com_github_MitjaNemec_PlaceFootprints.place_footprints 156:Footprint D58 on root level
02-21 20:28:39 com_github_MitjaNemec_PlaceFootprints.place_footprints 156:Footprint D26 on root level
02-21 20:28:39 com_github_MitjaNemec_PlaceFootprints.place_footprints 156:Footprint D505 on root level
02-21 20:28:39 com_github_MitjaNemec_PlaceFootprints.place_footprints 156:Footprint D473 on root level
02-21 20:28:39 com_github_MitjaNemec_PlaceFootprints.place_footprints 156:Footprint D441 on root level
02-21 20:28:39 com_github_MitjaNemec_PlaceFootprints.place_footprints 156:Footprint D409 on root level
02-21 20:28:39 com_github_MitjaNemec_PlaceFootprints.place_footprints 156:Footprint D377 on root level
02-21 20:28:39 com_github_MitjaNemec_PlaceFootprints.place_footprints 156:Footprint D345 on root level
02-21 20:28:39 com_github_MitjaNemec_PlaceFootprints.place_footprints 156:Footprint D313 on root level
02-21 20:28:39 com_github_MitjaNemec_PlaceFootprints.place_footprints 156:Footprint D281 on root level
02-21 20:28:39 com_github_MitjaNemec_PlaceFootprints.place_footprints 156:Footprint D249 on root level
02-21 20:28:39 com_github_MitjaNemec_PlaceFootprints.place_footprints 156:Footprint D217 on root level
02-21 20:28:39 com_github_MitjaNemec_PlaceFootprints.place_footprints 156:Footprint D185 on root level
02-21 20:28:39 com_github_MitjaNemec_PlaceFootprints.place_footprints 156:Footprint D153 on root level
02-21 20:28:39 com_github_MitjaNemec_PlaceFootprints.place_footprints 156:Footprint D121 on root level
02-21 20:28:39 com_github_MitjaNemec_PlaceFootprints.place_footprints 156:Footprint D89 on root level
02-21 20:28:39 com_github_MitjaNemec_PlaceFootprints.place_footprints 156:Footprint D57 on root level
02-21 20:28:39 com_github_MitjaNemec_PlaceFootprints.place_footprints 156:Footprint D25 on root level
02-21 20:28:39 com_github_MitjaNemec_PlaceFootprints.place_footprints 156:Footprint D504 on root level
02-21 20:28:39 com_github_MitjaNemec_PlaceFootprints.place_footprints 156:Footprint D472 on root level
02-21 20:28:39 com_github_MitjaNemec_PlaceFootprints.place_footprints 156:Footprint D440 on root level
02-21 20:28:39 com_github_MitjaNemec_PlaceFootprints.place_footprints 156:Footprint D408 on root level
02-21 20:28:39 com_github_MitjaNemec_PlaceFootprints.place_footprints 156:Footprint D376 on root level
02-21 20:28:39 com_github_MitjaNemec_PlaceFootprints.place_footprints 156:Footprint D344 on root level
02-21 20:28:39 com_github_MitjaNemec_PlaceFootprints.place_footprints 156:Footprint D312 on root level
02-21 20:28:39 com_github_MitjaNemec_PlaceFootprints.place_footprints 156:Footprint D280 on root level
02-21 20:28:39 com_github_MitjaNemec_PlaceFootprints.place_footprints 156:Footprint D248 on root level
02-21 20:28:39 com_github_MitjaNemec_PlaceFootprints.place_footprints 156:Footprint D216 on root level
02-21 20:28:39 com_github_MitjaNemec_PlaceFootprints.place_footprints 156:Footprint D184 on root level
02-21 20:28:39 com_github_MitjaNemec_PlaceFootprints.place_footprints 156:Footprint D152 on root level
02-21 20:28:39 com_github_MitjaNemec_PlaceFootprints.place_footprints 156:Footprint D120 on root level
02-21 20:28:39 com_github_MitjaNemec_PlaceFootprints.place_footprints 156:Footprint D88 on root level
02-21 20:28:39 com_github_MitjaNemec_PlaceFootprints.place_footprints 156:Footprint D56 on root level
02-21 20:28:39 com_github_MitjaNemec_PlaceFootprints.place_footprints 156:Footprint D24 on root level
02-21 20:28:39 com_github_MitjaNemec_PlaceFootprints.place_footprints 156:Footprint D503 on root level
02-21 20:28:39 com_github_MitjaNemec_PlaceFootprints.place_footprints 156:Footprint D471 on root level
02-21 20:28:39 com_github_MitjaNemec_PlaceFootprints.place_footprints 156:Footprint D439 on root level
02-21 20:28:39 com_github_MitjaNemec_PlaceFootprints.place_footprints 156:Footprint D407 on root level
02-21 20:28:39 com_github_MitjaNemec_PlaceFootprints.place_footprints 156:Footprint D375 on root level
02-21 20:28:39 com_github_MitjaNemec_PlaceFootprints.place_footprints 156:Footprint D343 on root level
02-21 20:28:39 com_github_MitjaNemec_PlaceFootprints.place_footprints 156:Footprint D311 on root level
02-21 20:28:39 com_github_MitjaNemec_PlaceFootprints.place_footprints 156:Footprint D279 on root level
02-21 20:28:39 com_github_MitjaNemec_PlaceFootprints.place_footprints 156:Footprint D247 on root level
02-21 20:28:39 com_github_MitjaNemec_PlaceFootprints.place_footprints 156:Footprint D215 on root level
02-21 20:28:39 com_github_MitjaNemec_PlaceFootprints.place_footprints 156:Footprint D183 on root level
02-21 20:28:39 com_github_MitjaNemec_PlaceFootprints.place_footprints 156:Footprint D151 on root level
02-21 20:28:39 com_github_MitjaNemec_PlaceFootprints.place_footprints 156:Footprint D119 on root level
02-21 20:28:39 com_github_MitjaNemec_PlaceFootprints.place_footprints 156:Footprint D87 on root level
02-21 20:28:39 com_github_MitjaNemec_PlaceFootprints.place_footprints 156:Footprint D55 on root level
02-21 20:28:39 com_github_MitjaNemec_PlaceFootprints.place_footprints 156:Footprint D23 on root level
02-21 20:28:39 com_github_MitjaNemec_PlaceFootprints.place_footprints 156:Footprint D502 on root level
02-21 20:28:39 com_github_MitjaNemec_PlaceFootprints.place_footprints 156:Footprint D470 on root level
02-21 20:28:39 com_github_MitjaNemec_PlaceFootprints.place_footprints 156:Footprint D438 on root level
02-21 20:28:39 com_github_MitjaNemec_PlaceFootprints.place_footprints 156:Footprint D406 on root level
02-21 20:28:39 com_github_MitjaNemec_PlaceFootprints.place_footprints 156:Footprint D374 on root level
02-21 20:28:39 com_github_MitjaNemec_PlaceFootprints.place_footprints 156:Footprint D342 on root level
02-21 20:28:39 com_github_MitjaNemec_PlaceFootprints.place_footprints 156:Footprint D310 on root level
02-21 20:28:39 com_github_MitjaNemec_PlaceFootprints.place_footprints 156:Footprint D278 on root level
02-21 20:28:39 com_github_MitjaNemec_PlaceFootprints.place_footprints 156:Footprint D246 on root level
02-21 20:28:39 com_github_MitjaNemec_PlaceFootprints.place_footprints 156:Footprint D214 on root level
02-21 20:28:39 com_github_MitjaNemec_PlaceFootprints.place_footprints 156:Footprint D182 on root level
02-21 20:28:39 com_github_MitjaNemec_PlaceFootprints.place_footprints 156:Footprint D150 on root level
02-21 20:28:39 com_github_MitjaNemec_PlaceFootprints.place_footprints 156:Footprint D118 on root level
02-21 20:28:39 com_github_MitjaNemec_PlaceFootprints.place_footprints 156:Footprint D86 on root level
02-21 20:28:39 com_github_MitjaNemec_PlaceFootprints.place_footprints 156:Footprint D54 on root level
02-21 20:28:39 com_github_MitjaNemec_PlaceFootprints.place_footprints 156:Footprint D22 on root level
02-21 20:28:39 com_github_MitjaNemec_PlaceFootprints.place_footprints 156:Footprint D501 on root level
02-21 20:28:39 com_github_MitjaNemec_PlaceFootprints.place_footprints 156:Footprint D469 on root level
02-21 20:28:39 com_github_MitjaNemec_PlaceFootprints.place_footprints 156:Footprint D437 on root level
02-21 20:28:39 com_github_MitjaNemec_PlaceFootprints.place_footprints 156:Footprint D405 on root level
02-21 20:28:39 com_github_MitjaNemec_PlaceFootprints.place_footprints 156:Footprint D373 on root level
02-21 20:28:39 com_github_MitjaNemec_PlaceFootprints.place_footprints 156:Footprint D341 on root level
02-21 20:28:39 com_github_MitjaNemec_PlaceFootprints.place_footprints 156:Footprint D309 on root level
02-21 20:28:39 com_github_MitjaNemec_PlaceFootprints.place_footprints 156:Footprint D277 on root level
02-21 20:28:39 com_github_MitjaNemec_PlaceFootprints.place_footprints 156:Footprint D245 on root level
02-21 20:28:39 com_github_MitjaNemec_PlaceFootprints.place_footprints 156:Footprint D213 on root level
02-21 20:28:39 com_github_MitjaNemec_PlaceFootprints.place_footprints 156:Footprint D181 on root level
02-21 20:28:39 com_github_MitjaNemec_PlaceFootprints.place_footprints 156:Footprint D149 on root level
02-21 20:28:39 com_github_MitjaNemec_PlaceFootprints.place_footprints 156:Footprint D117 on root level
02-21 20:28:39 com_github_MitjaNemec_PlaceFootprints.place_footprints 156:Footprint D85 on root level
02-21 20:28:39 com_github_MitjaNemec_PlaceFootprints.place_footprints 156:Footprint D53 on root level
02-21 20:28:39 com_github_MitjaNemec_PlaceFootprints.place_footprints 156:Footprint D21 on root level
02-21 20:28:39 com_github_MitjaNemec_PlaceFootprints.place_footprints 156:Footprint D500 on root level
02-21 20:28:39 com_github_MitjaNemec_PlaceFootprints.place_footprints 156:Footprint D468 on root level
02-21 20:28:39 com_github_MitjaNemec_PlaceFootprints.place_footprints 156:Footprint D436 on root level
02-21 20:28:39 com_github_MitjaNemec_PlaceFootprints.place_footprints 156:Footprint D404 on root level
02-21 20:28:39 com_github_MitjaNemec_PlaceFootprints.place_footprints 156:Footprint D372 on root level
02-21 20:28:39 com_github_MitjaNemec_PlaceFootprints.place_footprints 156:Footprint D340 on root level
02-21 20:28:39 com_github_MitjaNemec_PlaceFootprints.place_footprints 156:Footprint D308 on root level
02-21 20:28:39 com_github_MitjaNemec_PlaceFootprints.place_footprints 156:Footprint D276 on root level
02-21 20:28:39 com_github_MitjaNemec_PlaceFootprints.place_footprints 156:Footprint D244 on root level
02-21 20:28:39 com_github_MitjaNemec_PlaceFootprints.place_footprints 156:Footprint D212 on root level
02-21 20:28:39 com_github_MitjaNemec_PlaceFootprints.place_footprints 156:Footprint D180 on root level
02-21 20:28:39 com_github_MitjaNemec_PlaceFootprints.place_footprints 156:Footprint D148 on root level
02-21 20:28:39 com_github_MitjaNemec_PlaceFootprints.place_footprints 156:Footprint D116 on root level
02-21 20:28:39 com_github_MitjaNemec_PlaceFootprints.place_footprints 156:Footprint D84 on root level
02-21 20:28:39 com_github_MitjaNemec_PlaceFootprints.place_footprints 156:Footprint D52 on root level
02-21 20:28:39 com_github_MitjaNemec_PlaceFootprints.place_footprints 156:Footprint D20 on root level
02-21 20:28:39 com_github_MitjaNemec_PlaceFootprints.place_footprints 156:Footprint D499 on root level
02-21 20:28:39 com_github_MitjaNemec_PlaceFootprints.place_footprints 156:Footprint D467 on root level
02-21 20:28:39 com_github_MitjaNemec_PlaceFootprints.place_footprints 156:Footprint D435 on root level
02-21 20:28:39 com_github_MitjaNemec_PlaceFootprints.place_footprints 156:Footprint D403 on root level
02-21 20:28:39 com_github_MitjaNemec_PlaceFootprints.place_footprints 156:Footprint D371 on root level
02-21 20:28:39 com_github_MitjaNemec_PlaceFootprints.place_footprints 156:Footprint D339 on root level
02-21 20:28:39 com_github_MitjaNemec_PlaceFootprints.place_footprints 156:Footprint D307 on root level
02-21 20:28:39 com_github_MitjaNemec_PlaceFootprints.place_footprints 156:Footprint D275 on root level
02-21 20:28:39 com_github_MitjaNemec_PlaceFootprints.place_footprints 156:Footprint D243 on root level
02-21 20:28:39 com_github_MitjaNemec_PlaceFootprints.place_footprints 156:Footprint D211 on root level
02-21 20:28:39 com_github_MitjaNemec_PlaceFootprints.place_footprints 156:Footprint D179 on root level
02-21 20:28:39 com_github_MitjaNemec_PlaceFootprints.place_footprints 156:Footprint D147 on root level
02-21 20:28:39 com_github_MitjaNemec_PlaceFootprints.place_footprints 156:Footprint D115 on root level
02-21 20:28:39 com_github_MitjaNemec_PlaceFootprints.place_footprints 156:Footprint D83 on root level
02-21 20:28:39 com_github_MitjaNemec_PlaceFootprints.place_footprints 156:Footprint D51 on root level
02-21 20:28:39 com_github_MitjaNemec_PlaceFootprints.place_footprints 156:Footprint D19 on root level
02-21 20:28:39 com_github_MitjaNemec_PlaceFootprints.place_footprints 156:Footprint D498 on root level
02-21 20:28:39 com_github_MitjaNemec_PlaceFootprints.place_footprints 156:Footprint D466 on root level
02-21 20:28:39 com_github_MitjaNemec_PlaceFootprints.place_footprints 156:Footprint D434 on root level
02-21 20:28:39 com_github_MitjaNemec_PlaceFootprints.place_footprints 156:Footprint D402 on root level
02-21 20:28:39 com_github_MitjaNemec_PlaceFootprints.place_footprints 156:Footprint D370 on root level
02-21 20:28:39 com_github_MitjaNemec_PlaceFootprints.place_footprints 156:Footprint D338 on root level
02-21 20:28:39 com_github_MitjaNemec_PlaceFootprints.place_footprints 156:Footprint D306 on root level
02-21 20:28:39 com_github_MitjaNemec_PlaceFootprints.place_footprints 156:Footprint D274 on root level
02-21 20:28:39 com_github_MitjaNemec_PlaceFootprints.place_footprints 156:Footprint D242 on root level
02-21 20:28:39 com_github_MitjaNemec_PlaceFootprints.place_footprints 156:Footprint D210 on root level
02-21 20:28:39 com_github_MitjaNemec_PlaceFootprints.place_footprints 156:Footprint D178 on root level
02-21 20:28:39 com_github_MitjaNemec_PlaceFootprints.place_footprints 156:Footprint D146 on root level
02-21 20:28:39 com_github_MitjaNemec_PlaceFootprints.place_footprints 156:Footprint D114 on root level
02-21 20:28:39 com_github_MitjaNemec_PlaceFootprints.place_footprints 156:Footprint D82 on root level
02-21 20:28:39 com_github_MitjaNemec_PlaceFootprints.place_footprints 156:Footprint D50 on root level
02-21 20:28:39 com_github_MitjaNemec_PlaceFootprints.place_footprints 156:Footprint D18 on root level
02-21 20:28:39 com_github_MitjaNemec_PlaceFootprints.place_footprints 156:Footprint D497 on root level
02-21 20:28:39 com_github_MitjaNemec_PlaceFootprints.place_footprints 156:Footprint D465 on root level
02-21 20:28:39 com_github_MitjaNemec_PlaceFootprints.place_footprints 156:Footprint D433 on root level
02-21 20:28:39 com_github_MitjaNemec_PlaceFootprints.place_footprints 156:Footprint D401 on root level
02-21 20:28:39 com_github_MitjaNemec_PlaceFootprints.place_footprints 156:Footprint D369 on root level
02-21 20:28:39 com_github_MitjaNemec_PlaceFootprints.place_footprints 156:Footprint D337 on root level
02-21 20:28:39 com_github_MitjaNemec_PlaceFootprints.place_footprints 156:Footprint D305 on root level
02-21 20:28:39 com_github_MitjaNemec_PlaceFootprints.place_footprints 156:Footprint D273 on root level
02-21 20:28:39 com_github_MitjaNemec_PlaceFootprints.place_footprints 156:Footprint D241 on root level
02-21 20:28:39 com_github_MitjaNemec_PlaceFootprints.place_footprints 156:Footprint D209 on root level
02-21 20:28:39 com_github_MitjaNemec_PlaceFootprints.place_footprints 156:Footprint D177 on root level
02-21 20:28:39 com_github_MitjaNemec_PlaceFootprints.place_footprints 156:Footprint D145 on root level
02-21 20:28:39 com_github_MitjaNemec_PlaceFootprints.place_footprints 156:Footprint D113 on root level
02-21 20:28:39 com_github_MitjaNemec_PlaceFootprints.place_footprints 156:Footprint D81 on root level
02-21 20:28:39 com_github_MitjaNemec_PlaceFootprints.place_footprints 156:Footprint D49 on root level
02-21 20:28:39 com_github_MitjaNemec_PlaceFootprints.place_footprints 156:Footprint D17 on root level
02-21 20:28:39 com_github_MitjaNemec_PlaceFootprints.place_footprints 156:Footprint D496 on root level
02-21 20:28:39 com_github_MitjaNemec_PlaceFootprints.place_footprints 156:Footprint D464 on root level
02-21 20:28:39 com_github_MitjaNemec_PlaceFootprints.place_footprints 156:Footprint D432 on root level
02-21 20:28:39 com_github_MitjaNemec_PlaceFootprints.place_footprints 156:Footprint D400 on root level
02-21 20:28:39 com_github_MitjaNemec_PlaceFootprints.place_footprints 156:Footprint D368 on root level
02-21 20:28:39 com_github_MitjaNemec_PlaceFootprints.place_footprints 156:Footprint D336 on root level
02-21 20:28:39 com_github_MitjaNemec_PlaceFootprints.place_footprints 156:Footprint D304 on root level
02-21 20:28:39 com_github_MitjaNemec_PlaceFootprints.place_footprints 156:Footprint D272 on root level
02-21 20:28:39 com_github_MitjaNemec_PlaceFootprints.place_footprints 156:Footprint D240 on root level
02-21 20:28:39 com_github_MitjaNemec_PlaceFootprints.place_footprints 156:Footprint D208 on root level
02-21 20:28:39 com_github_MitjaNemec_PlaceFootprints.place_footprints 156:Footprint D176 on root level
02-21 20:28:39 com_github_MitjaNemec_PlaceFootprints.place_footprints 156:Footprint D144 on root level
02-21 20:28:39 com_github_MitjaNemec_PlaceFootprints.place_footprints 156:Footprint D112 on root level
02-21 20:28:39 com_github_MitjaNemec_PlaceFootprints.place_footprints 156:Footprint D80 on root level
02-21 20:28:39 com_github_MitjaNemec_PlaceFootprints.place_footprints 156:Footprint D48 on root level
02-21 20:28:39 com_github_MitjaNemec_PlaceFootprints.place_footprints 156:Footprint D16 on root level
02-21 20:28:39 com_github_MitjaNemec_PlaceFootprints.place_footprints 156:Footprint D495 on root level
02-21 20:28:39 com_github_MitjaNemec_PlaceFootprints.place_footprints 156:Footprint D463 on root level
02-21 20:28:39 com_github_MitjaNemec_PlaceFootprints.place_footprints 156:Footprint D431 on root level
02-21 20:28:39 com_github_MitjaNemec_PlaceFootprints.place_footprints 156:Footprint D399 on root level
02-21 20:28:39 com_github_MitjaNemec_PlaceFootprints.place_footprints 156:Footprint D367 on root level
02-21 20:28:39 com_github_MitjaNemec_PlaceFootprints.place_footprints 156:Footprint D335 on root level
02-21 20:28:39 com_github_MitjaNemec_PlaceFootprints.place_footprints 156:Footprint D303 on root level
02-21 20:28:39 com_github_MitjaNemec_PlaceFootprints.place_footprints 156:Footprint D271 on root level
02-21 20:28:39 com_github_MitjaNemec_PlaceFootprints.place_footprints 156:Footprint D239 on root level
02-21 20:28:39 com_github_MitjaNemec_PlaceFootprints.place_footprints 156:Footprint D207 on root level
02-21 20:28:39 com_github_MitjaNemec_PlaceFootprints.place_footprints 156:Footprint D175 on root level
02-21 20:28:39 com_github_MitjaNemec_PlaceFootprints.place_footprints 156:Footprint D143 on root level
02-21 20:28:39 com_github_MitjaNemec_PlaceFootprints.place_footprints 156:Footprint D111 on root level
02-21 20:28:39 com_github_MitjaNemec_PlaceFootprints.place_footprints 156:Footprint D79 on root level
02-21 20:28:39 com_github_MitjaNemec_PlaceFootprints.place_footprints 156:Footprint D47 on root level
02-21 20:28:39 com_github_MitjaNemec_PlaceFootprints.place_footprints 156:Footprint D15 on root level
02-21 20:28:39 com_github_MitjaNemec_PlaceFootprints.place_footprints 156:Footprint D494 on root level
02-21 20:28:39 com_github_MitjaNemec_PlaceFootprints.place_footprints 156:Footprint D462 on root level
02-21 20:28:39 com_github_MitjaNemec_PlaceFootprints.place_footprints 156:Footprint D430 on root level
02-21 20:28:39 com_github_MitjaNemec_PlaceFootprints.place_footprints 156:Footprint D398 on root level
02-21 20:28:39 com_github_MitjaNemec_PlaceFootprints.place_footprints 156:Footprint D366 on root level
02-21 20:28:39 com_github_MitjaNemec_PlaceFootprints.place_footprints 156:Footprint D334 on root level
02-21 20:28:39 com_github_MitjaNemec_PlaceFootprints.place_footprints 156:Footprint D302 on root level
02-21 20:28:39 com_github_MitjaNemec_PlaceFootprints.place_footprints 156:Footprint D270 on root level
02-21 20:28:39 com_github_MitjaNemec_PlaceFootprints.place_footprints 156:Footprint D238 on root level
02-21 20:28:39 com_github_MitjaNemec_PlaceFootprints.place_footprints 156:Footprint D206 on root level
02-21 20:28:39 com_github_MitjaNemec_PlaceFootprints.place_footprints 156:Footprint D174 on root level
02-21 20:28:39 com_github_MitjaNemec_PlaceFootprints.place_footprints 156:Footprint D142 on root level
02-21 20:28:39 com_github_MitjaNemec_PlaceFootprints.place_footprints 156:Footprint D110 on root level
02-21 20:28:39 com_github_MitjaNemec_PlaceFootprints.place_footprints 156:Footprint D78 on root level
02-21 20:28:39 com_github_MitjaNemec_PlaceFootprints.place_footprints 156:Footprint D46 on root level
02-21 20:28:39 com_github_MitjaNemec_PlaceFootprints.place_footprints 156:Footprint D14 on root level
02-21 20:28:39 com_github_MitjaNemec_PlaceFootprints.place_footprints 156:Footprint D493 on root level
02-21 20:28:39 com_github_MitjaNemec_PlaceFootprints.place_footprints 156:Footprint D461 on root level
02-21 20:28:39 com_github_MitjaNemec_PlaceFootprints.place_footprints 156:Footprint D429 on root level
02-21 20:28:39 com_github_MitjaNemec_PlaceFootprints.place_footprints 156:Footprint D397 on root level
02-21 20:28:39 com_github_MitjaNemec_PlaceFootprints.place_footprints 156:Footprint D365 on root level
02-21 20:28:39 com_github_MitjaNemec_PlaceFootprints.place_footprints 156:Footprint D333 on root level
02-21 20:28:39 com_github_MitjaNemec_PlaceFootprints.place_footprints 156:Footprint D301 on root level
02-21 20:28:39 com_github_MitjaNemec_PlaceFootprints.place_footprints 156:Footprint D269 on root level
02-21 20:28:39 com_github_MitjaNemec_PlaceFootprints.place_footprints 156:Footprint D237 on root level
02-21 20:28:39 com_github_MitjaNemec_PlaceFootprints.place_footprints 156:Footprint D205 on root level
02-21 20:28:39 com_github_MitjaNemec_PlaceFootprints.place_footprints 156:Footprint D173 on root level
02-21 20:28:39 com_github_MitjaNemec_PlaceFootprints.place_footprints 156:Footprint D141 on root level
02-21 20:28:39 com_github_MitjaNemec_PlaceFootprints.place_footprints 156:Footprint D109 on root level
02-21 20:28:39 com_github_MitjaNemec_PlaceFootprints.place_footprints 156:Footprint D77 on root level
02-21 20:28:39 com_github_MitjaNemec_PlaceFootprints.place_footprints 156:Footprint D45 on root level
02-21 20:28:39 com_github_MitjaNemec_PlaceFootprints.place_footprints 156:Footprint D13 on root level
02-21 20:28:39 com_github_MitjaNemec_PlaceFootprints.place_footprints 156:Footprint D492 on root level
02-21 20:28:39 com_github_MitjaNemec_PlaceFootprints.place_footprints 156:Footprint D460 on root level
02-21 20:28:39 com_github_MitjaNemec_PlaceFootprints.place_footprints 156:Footprint D428 on root level
02-21 20:28:39 com_github_MitjaNemec_PlaceFootprints.place_footprints 156:Footprint D396 on root level
02-21 20:28:39 com_github_MitjaNemec_PlaceFootprints.place_footprints 156:Footprint D364 on root level
02-21 20:28:39 com_github_MitjaNemec_PlaceFootprints.place_footprints 156:Footprint D332 on root level
02-21 20:28:39 com_github_MitjaNemec_PlaceFootprints.place_footprints 156:Footprint D300 on root level
02-21 20:28:39 com_github_MitjaNemec_PlaceFootprints.place_footprints 156:Footprint D268 on root level
02-21 20:28:39 com_github_MitjaNemec_PlaceFootprints.place_footprints 156:Footprint D236 on root level
02-21 20:28:39 com_github_MitjaNemec_PlaceFootprints.place_footprints 156:Footprint D204 on root level
02-21 20:28:39 com_github_MitjaNemec_PlaceFootprints.place_footprints 156:Footprint D172 on root level
02-21 20:28:39 com_github_MitjaNemec_PlaceFootprints.place_footprints 156:Footprint D140 on root level
02-21 20:28:39 com_github_MitjaNemec_PlaceFootprints.place_footprints 156:Footprint D108 on root level
02-21 20:28:39 com_github_MitjaNemec_PlaceFootprints.place_footprints 156:Footprint D76 on root level
02-21 20:28:39 com_github_MitjaNemec_PlaceFootprints.place_footprints 156:Footprint D44 on root level
02-21 20:28:39 com_github_MitjaNemec_PlaceFootprints.place_footprints 156:Footprint D12 on root level
02-21 20:28:39 com_github_MitjaNemec_PlaceFootprints.place_footprints 156:Footprint D491 on root level
02-21 20:28:39 com_github_MitjaNemec_PlaceFootprints.place_footprints 156:Footprint D459 on root level
02-21 20:28:39 com_github_MitjaNemec_PlaceFootprints.place_footprints 156:Footprint D427 on root level
02-21 20:28:39 com_github_MitjaNemec_PlaceFootprints.place_footprints 156:Footprint D395 on root level
02-21 20:28:39 com_github_MitjaNemec_PlaceFootprints.place_footprints 156:Footprint D363 on root level
02-21 20:28:39 com_github_MitjaNemec_PlaceFootprints.place_footprints 156:Footprint D331 on root level
02-21 20:28:39 com_github_MitjaNemec_PlaceFootprints.place_footprints 156:Footprint D299 on root level
02-21 20:28:39 com_github_MitjaNemec_PlaceFootprints.place_footprints 156:Footprint D267 on root level
02-21 20:28:39 com_github_MitjaNemec_PlaceFootprints.place_footprints 156:Footprint D235 on root level
02-21 20:28:39 com_github_MitjaNemec_PlaceFootprints.place_footprints 156:Footprint D203 on root level
02-21 20:28:39 com_github_MitjaNemec_PlaceFootprints.place_footprints 156:Footprint D171 on root level
02-21 20:28:39 com_github_MitjaNemec_PlaceFootprints.place_footprints 156:Footprint D139 on root level
02-21 20:28:39 com_github_MitjaNemec_PlaceFootprints.place_footprints 156:Footprint D107 on root level
02-21 20:28:39 com_github_MitjaNemec_PlaceFootprints.place_footprints 156:Footprint D75 on root level
02-21 20:28:39 com_github_MitjaNemec_PlaceFootprints.place_footprints 156:Footprint D43 on root level
02-21 20:28:39 com_github_MitjaNemec_PlaceFootprints.place_footprints 156:Footprint D11 on root level
02-21 20:28:39 com_github_MitjaNemec_PlaceFootprints.place_footprints 156:Footprint D490 on root level
02-21 20:28:39 com_github_MitjaNemec_PlaceFootprints.place_footprints 156:Footprint D458 on root level
02-21 20:28:39 com_github_MitjaNemec_PlaceFootprints.place_footprints 156:Footprint D426 on root level
02-21 20:28:39 com_github_MitjaNemec_PlaceFootprints.place_footprints 156:Footprint D394 on root level
02-21 20:28:39 com_github_MitjaNemec_PlaceFootprints.place_footprints 156:Footprint D362 on root level
02-21 20:28:39 com_github_MitjaNemec_PlaceFootprints.place_footprints 156:Footprint D330 on root level
02-21 20:28:39 com_github_MitjaNemec_PlaceFootprints.place_footprints 156:Footprint D298 on root level
02-21 20:28:39 com_github_MitjaNemec_PlaceFootprints.place_footprints 156:Footprint D266 on root level
02-21 20:28:39 com_github_MitjaNemec_PlaceFootprints.place_footprints 156:Footprint D234 on root level
02-21 20:28:39 com_github_MitjaNemec_PlaceFootprints.place_footprints 156:Footprint D202 on root level
02-21 20:28:39 com_github_MitjaNemec_PlaceFootprints.place_footprints 156:Footprint D170 on root level
02-21 20:28:39 com_github_MitjaNemec_PlaceFootprints.place_footprints 156:Footprint D138 on root level
02-21 20:28:39 com_github_MitjaNemec_PlaceFootprints.place_footprints 156:Footprint D106 on root level
02-21 20:28:39 com_github_MitjaNemec_PlaceFootprints.place_footprints 156:Footprint D74 on root level
02-21 20:28:39 com_github_MitjaNemec_PlaceFootprints.place_footprints 156:Footprint D42 on root level
02-21 20:28:39 com_github_MitjaNemec_PlaceFootprints.place_footprints 156:Footprint D10 on root level
02-21 20:28:39 com_github_MitjaNemec_PlaceFootprints.place_footprints 156:Footprint D489 on root level
02-21 20:28:39 com_github_MitjaNemec_PlaceFootprints.place_footprints 156:Footprint D457 on root level
02-21 20:28:39 com_github_MitjaNemec_PlaceFootprints.place_footprints 156:Footprint D425 on root level
02-21 20:28:39 com_github_MitjaNemec_PlaceFootprints.place_footprints 156:Footprint D393 on root level
02-21 20:28:39 com_github_MitjaNemec_PlaceFootprints.place_footprints 156:Footprint D361 on root level
02-21 20:28:39 com_github_MitjaNemec_PlaceFootprints.place_footprints 156:Footprint D329 on root level
02-21 20:28:39 com_github_MitjaNemec_PlaceFootprints.place_footprints 156:Footprint D297 on root level
02-21 20:28:39 com_github_MitjaNemec_PlaceFootprints.place_footprints 156:Footprint D265 on root level
02-21 20:28:39 com_github_MitjaNemec_PlaceFootprints.place_footprints 156:Footprint D233 on root level
02-21 20:28:39 com_github_MitjaNemec_PlaceFootprints.place_footprints 156:Footprint D201 on root level
02-21 20:28:39 com_github_MitjaNemec_PlaceFootprints.place_footprints 156:Footprint D169 on root level
02-21 20:28:39 com_github_MitjaNemec_PlaceFootprints.place_footprints 156:Footprint D137 on root level
02-21 20:28:39 com_github_MitjaNemec_PlaceFootprints.place_footprints 156:Footprint D105 on root level
02-21 20:28:39 com_github_MitjaNemec_PlaceFootprints.place_footprints 156:Footprint D73 on root level
02-21 20:28:39 com_github_MitjaNemec_PlaceFootprints.place_footprints 156:Footprint D41 on root level
02-21 20:28:39 com_github_MitjaNemec_PlaceFootprints.place_footprints 156:Footprint D9 on root level
02-21 20:28:39 com_github_MitjaNemec_PlaceFootprints.place_footprints 156:Footprint D488 on root level
02-21 20:28:39 com_github_MitjaNemec_PlaceFootprints.place_footprints 156:Footprint D456 on root level
02-21 20:28:39 com_github_MitjaNemec_PlaceFootprints.place_footprints 156:Footprint D424 on root level
02-21 20:28:39 com_github_MitjaNemec_PlaceFootprints.place_footprints 156:Footprint D392 on root level
02-21 20:28:39 com_github_MitjaNemec_PlaceFootprints.place_footprints 156:Footprint D360 on root level
02-21 20:28:39 com_github_MitjaNemec_PlaceFootprints.place_footprints 156:Footprint D328 on root level
02-21 20:28:39 com_github_MitjaNemec_PlaceFootprints.place_footprints 156:Footprint D296 on root level
02-21 20:28:39 com_github_MitjaNemec_PlaceFootprints.place_footprints 156:Footprint D264 on root level
02-21 20:28:39 com_github_MitjaNemec_PlaceFootprints.place_footprints 156:Footprint D232 on root level
02-21 20:28:39 com_github_MitjaNemec_PlaceFootprints.place_footprints 156:Footprint D200 on root level
02-21 20:28:39 com_github_MitjaNemec_PlaceFootprints.place_footprints 156:Footprint D168 on root level
02-21 20:28:39 com_github_MitjaNemec_PlaceFootprints.place_footprints 156:Footprint D136 on root level
02-21 20:28:39 com_github_MitjaNemec_PlaceFootprints.place_footprints 156:Footprint D104 on root level
02-21 20:28:39 com_github_MitjaNemec_PlaceFootprints.place_footprints 156:Footprint D72 on root level
02-21 20:28:39 com_github_MitjaNemec_PlaceFootprints.place_footprints 156:Footprint D40 on root level
02-21 20:28:39 com_github_MitjaNemec_PlaceFootprints.place_footprints 156:Footprint D8 on root level
02-21 20:28:39 com_github_MitjaNemec_PlaceFootprints.place_footprints 156:Footprint D487 on root level
02-21 20:28:39 com_github_MitjaNemec_PlaceFootprints.place_footprints 156:Footprint D455 on root level
02-21 20:28:39 com_github_MitjaNemec_PlaceFootprints.place_footprints 156:Footprint D423 on root level
02-21 20:28:39 com_github_MitjaNemec_PlaceFootprints.place_footprints 156:Footprint D391 on root level
02-21 20:28:39 com_github_MitjaNemec_PlaceFootprints.place_footprints 156:Footprint D359 on root level
02-21 20:28:39 com_github_MitjaNemec_PlaceFootprints.place_footprints 156:Footprint D327 on root level
02-21 20:28:39 com_github_MitjaNemec_PlaceFootprints.place_footprints 156:Footprint D295 on root level
02-21 20:28:39 com_github_MitjaNemec_PlaceFootprints.place_footprints 156:Footprint D263 on root level
02-21 20:28:39 com_github_MitjaNemec_PlaceFootprints.place_footprints 156:Footprint D231 on root level
02-21 20:28:39 com_github_MitjaNemec_PlaceFootprints.place_footprints 156:Footprint D199 on root level
02-21 20:28:39 com_github_MitjaNemec_PlaceFootprints.place_footprints 156:Footprint D167 on root level
02-21 20:28:39 com_github_MitjaNemec_PlaceFootprints.place_footprints 156:Footprint D135 on root level
02-21 20:28:39 com_github_MitjaNemec_PlaceFootprints.place_footprints 156:Footprint D103 on root level
02-21 20:28:39 com_github_MitjaNemec_PlaceFootprints.place_footprints 156:Footprint D71 on root level
02-21 20:28:39 com_github_MitjaNemec_PlaceFootprints.place_footprints 156:Footprint D39 on root level
02-21 20:28:39 com_github_MitjaNemec_PlaceFootprints.place_footprints 156:Footprint D7 on root level
02-21 20:28:39 com_github_MitjaNemec_PlaceFootprints.place_footprints 156:Footprint D486 on root level
02-21 20:28:39 com_github_MitjaNemec_PlaceFootprints.place_footprints 156:Footprint D454 on root level
02-21 20:28:39 com_github_MitjaNemec_PlaceFootprints.place_footprints 156:Footprint D422 on root level
02-21 20:28:39 com_github_MitjaNemec_PlaceFootprints.place_footprints 156:Footprint D390 on root level
02-21 20:28:39 com_github_MitjaNemec_PlaceFootprints.place_footprints 156:Footprint D358 on root level
02-21 20:28:39 com_github_MitjaNemec_PlaceFootprints.place_footprints 156:Footprint D326 on root level
02-21 20:28:39 com_github_MitjaNemec_PlaceFootprints.place_footprints 156:Footprint D294 on root level
02-21 20:28:39 com_github_MitjaNemec_PlaceFootprints.place_footprints 156:Footprint D262 on root level
02-21 20:28:39 com_github_MitjaNemec_PlaceFootprints.place_footprints 156:Footprint D230 on root level
02-21 20:28:39 com_github_MitjaNemec_PlaceFootprints.place_footprints 156:Footprint D198 on root level
02-21 20:28:39 com_github_MitjaNemec_PlaceFootprints.place_footprints 156:Footprint D166 on root level
02-21 20:28:39 com_github_MitjaNemec_PlaceFootprints.place_footprints 156:Footprint D134 on root level
02-21 20:28:39 com_github_MitjaNemec_PlaceFootprints.place_footprints 156:Footprint D102 on root level
02-21 20:28:39 com_github_MitjaNemec_PlaceFootprints.place_footprints 156:Footprint D70 on root level
02-21 20:28:39 com_github_MitjaNemec_PlaceFootprints.place_footprints 156:Footprint D38 on root level
02-21 20:28:39 com_github_MitjaNemec_PlaceFootprints.place_footprints 156:Footprint D6 on root level
02-21 20:28:39 com_github_MitjaNemec_PlaceFootprints.place_footprints 156:Footprint D485 on root level
02-21 20:28:39 com_github_MitjaNemec_PlaceFootprints.place_footprints 156:Footprint D453 on root level
02-21 20:28:39 com_github_MitjaNemec_PlaceFootprints.place_footprints 156:Footprint D421 on root level
02-21 20:28:39 com_github_MitjaNemec_PlaceFootprints.place_footprints 156:Footprint D389 on root level
02-21 20:28:39 com_github_MitjaNemec_PlaceFootprints.place_footprints 156:Footprint D357 on root level
02-21 20:28:39 com_github_MitjaNemec_PlaceFootprints.place_footprints 156:Footprint D325 on root level
02-21 20:28:39 com_github_MitjaNemec_PlaceFootprints.place_footprints 156:Footprint D293 on root level
02-21 20:28:39 com_github_MitjaNemec_PlaceFootprints.place_footprints 156:Footprint D261 on root level
02-21 20:28:39 com_github_MitjaNemec_PlaceFootprints.place_footprints 156:Footprint D229 on root level
02-21 20:28:39 com_github_MitjaNemec_PlaceFootprints.place_footprints 156:Footprint D197 on root level
02-21 20:28:39 com_github_MitjaNemec_PlaceFootprints.place_footprints 156:Footprint D165 on root level
02-21 20:28:39 com_github_MitjaNemec_PlaceFootprints.place_footprints 156:Footprint D133 on root level
02-21 20:28:39 com_github_MitjaNemec_PlaceFootprints.place_footprints 156:Footprint D101 on root level
02-21 20:28:39 com_github_MitjaNemec_PlaceFootprints.place_footprints 156:Footprint D69 on root level
02-21 20:28:39 com_github_MitjaNemec_PlaceFootprints.place_footprints 156:Footprint D97 on root level
02-21 20:28:39 com_github_MitjaNemec_PlaceFootprints.place_footprints 156:Footprint D65 on root level
02-21 20:28:39 com_github_MitjaNemec_PlaceFootprints.place_footprints 156:Footprint D37 on root level
02-21 20:28:39 com_github_MitjaNemec_PlaceFootprints.place_footprints 156:Footprint D5 on root level
02-21 20:28:39 com_github_MitjaNemec_PlaceFootprints.place_footprints 156:Footprint D484 on root level
02-21 20:28:39 com_github_MitjaNemec_PlaceFootprints.place_footprints 156:Footprint D452 on root level
02-21 20:28:39 com_github_MitjaNemec_PlaceFootprints.place_footprints 156:Footprint D420 on root level
02-21 20:28:39 com_github_MitjaNemec_PlaceFootprints.place_footprints 156:Footprint D388 on root level
02-21 20:28:39 com_github_MitjaNemec_PlaceFootprints.place_footprints 156:Footprint D356 on root level
02-21 20:28:39 com_github_MitjaNemec_PlaceFootprints.place_footprints 156:Footprint D324 on root level
02-21 20:28:39 com_github_MitjaNemec_PlaceFootprints.place_footprints 156:Footprint D292 on root level
02-21 20:28:39 com_github_MitjaNemec_PlaceFootprints.place_footprints 156:Footprint D260 on root level
02-21 20:28:39 com_github_MitjaNemec_PlaceFootprints.place_footprints 156:Footprint D228 on root level
02-21 20:28:39 com_github_MitjaNemec_PlaceFootprints.place_footprints 156:Footprint D196 on root level
02-21 20:28:39 com_github_MitjaNemec_PlaceFootprints.place_footprints 156:Footprint D164 on root level
02-21 20:28:39 com_github_MitjaNemec_PlaceFootprints.place_footprints 156:Footprint D132 on root level
02-21 20:28:39 com_github_MitjaNemec_PlaceFootprints.place_footprints 156:Footprint D100 on root level
02-21 20:28:39 com_github_MitjaNemec_PlaceFootprints.place_footprints 156:Footprint D68 on root level
02-21 20:28:39 com_github_MitjaNemec_PlaceFootprints.place_footprints 156:Footprint D36 on root level
02-21 20:28:39 com_github_MitjaNemec_PlaceFootprints.place_footprints 156:Footprint D4 on root level
02-21 20:28:39 com_github_MitjaNemec_PlaceFootprints.place_footprints 156:Footprint D483 on root level
02-21 20:28:39 com_github_MitjaNemec_PlaceFootprints.place_footprints 156:Footprint D451 on root level
02-21 20:28:39 com_github_MitjaNemec_PlaceFootprints.place_footprints 156:Footprint D419 on root level
02-21 20:28:39 com_github_MitjaNemec_PlaceFootprints.place_footprints 156:Footprint D387 on root level
02-21 20:28:39 com_github_MitjaNemec_PlaceFootprints.place_footprints 156:Footprint D355 on root level
02-21 20:28:39 com_github_MitjaNemec_PlaceFootprints.place_footprints 156:Footprint D323 on root level
02-21 20:28:39 com_github_MitjaNemec_PlaceFootprints.place_footprints 156:Footprint D291 on root level
02-21 20:28:39 com_github_MitjaNemec_PlaceFootprints.place_footprints 156:Footprint D259 on root level
02-21 20:28:39 com_github_MitjaNemec_PlaceFootprints.place_footprints 156:Footprint D227 on root level
02-21 20:28:39 com_github_MitjaNemec_PlaceFootprints.place_footprints 156:Footprint D195 on root level
02-21 20:28:39 com_github_MitjaNemec_PlaceFootprints.place_footprints 156:Footprint D163 on root level
02-21 20:28:39 com_github_MitjaNemec_PlaceFootprints.place_footprints 156:Footprint D131 on root level
02-21 20:28:39 com_github_MitjaNemec_PlaceFootprints.place_footprints 156:Footprint D99 on root level
02-21 20:28:39 com_github_MitjaNemec_PlaceFootprints.place_footprints 156:Footprint D33 on root level
02-21 20:28:39 com_github_MitjaNemec_PlaceFootprints.place_footprints 156:Footprint D67 on root level
02-21 20:28:39 com_github_MitjaNemec_PlaceFootprints.place_footprints 156:Footprint D35 on root level
02-21 20:28:39 com_github_MitjaNemec_PlaceFootprints.place_footprints 156:Footprint D3 on root level
02-21 20:28:39 com_github_MitjaNemec_PlaceFootprints.place_footprints 156:Footprint D482 on root level
02-21 20:28:39 com_github_MitjaNemec_PlaceFootprints.place_footprints 156:Footprint D450 on root level
02-21 20:28:39 com_github_MitjaNemec_PlaceFootprints.place_footprints 156:Footprint D418 on root level
02-21 20:28:39 com_github_MitjaNemec_PlaceFootprints.place_footprints 156:Footprint D386 on root level
02-21 20:28:39 com_github_MitjaNemec_PlaceFootprints.place_footprints 156:Footprint D354 on root level
02-21 20:28:39 com_github_MitjaNemec_PlaceFootprints.place_footprints 156:Footprint D322 on root level
02-21 20:28:39 com_github_MitjaNemec_PlaceFootprints.place_footprints 156:Footprint D290 on root level
02-21 20:28:39 com_github_MitjaNemec_PlaceFootprints.place_footprints 156:Footprint D258 on root level
02-21 20:28:39 com_github_MitjaNemec_PlaceFootprints.place_footprints 156:Footprint D226 on root level
02-21 20:28:39 com_github_MitjaNemec_PlaceFootprints.place_footprints 156:Footprint D194 on root level
02-21 20:28:39 com_github_MitjaNemec_PlaceFootprints.place_footprints 156:Footprint D162 on root level
02-21 20:28:39 com_github_MitjaNemec_PlaceFootprints.place_footprints 156:Footprint D130 on root level
02-21 20:28:39 com_github_MitjaNemec_PlaceFootprints.place_footprints 156:Footprint D98 on root level
02-21 20:28:39 com_github_MitjaNemec_PlaceFootprints.place_footprints 156:Footprint D66 on root level
02-21 20:28:39 com_github_MitjaNemec_PlaceFootprints.place_footprints 156:Footprint D34 on root level
02-21 20:28:39 com_github_MitjaNemec_PlaceFootprints.place_footprints 156:Footprint D2 on root level
02-21 20:28:39 com_github_MitjaNemec_PlaceFootprints.place_footprints 156:Footprint D481 on root level
02-21 20:28:39 com_github_MitjaNemec_PlaceFootprints.place_footprints 156:Footprint D449 on root level
02-21 20:28:39 com_github_MitjaNemec_PlaceFootprints.place_footprints 156:Footprint D417 on root level
02-21 20:28:39 com_github_MitjaNemec_PlaceFootprints.place_footprints 156:Footprint D385 on root level
02-21 20:28:39 com_github_MitjaNemec_PlaceFootprints.place_footprints 156:Footprint D353 on root level
02-21 20:28:39 com_github_MitjaNemec_PlaceFootprints.place_footprints 156:Footprint D321 on root level
02-21 20:28:39 com_github_MitjaNemec_PlaceFootprints.place_footprints 156:Footprint D289 on root level
02-21 20:28:39 com_github_MitjaNemec_PlaceFootprints.place_footprints 156:Footprint D257 on root level
02-21 20:28:39 com_github_MitjaNemec_PlaceFootprints.place_footprints 156:Footprint D225 on root level
02-21 20:28:39 com_github_MitjaNemec_PlaceFootprints.place_footprints 156:Footprint D193 on root level
02-21 20:28:39 com_github_MitjaNemec_PlaceFootprints.place_footprints 156:Footprint D161 on root level
02-21 20:28:39 com_github_MitjaNemec_PlaceFootprints.place_footprints 156:Footprint D129 on root level
02-21 20:28:39 com_github_MitjaNemec_PlaceFootprints.place_footprints 156:Footprint D1 on root level
02-21 20:28:39 com_github_MitjaNemec_PlaceFootprints.action_place_footprints 717:Reference footprint='D1'
02-21 20:28:40 com_github_MitjaNemec_PlaceFootprints.action_place_footprints 858:Reference designator is: D
02-21 20:28:40 com_github_MitjaNemec_PlaceFootprints.action_place_footprints 859:Reference number is: 1
02-21 20:28:40 com_github_MitjaNemec_PlaceFootprints.action_place_footprints 891:Sorted and filtered list:
['D1', 'D2', 'D3', 'D4', 'D5', 'D6', 'D7', 'D8', 'D9', 'D10', 'D11', 'D12', 'D13', 'D14', 'D15', 'D16', 'D17', 'D18', 'D19', 'D20', 'D21', 'D22', 'D23', 'D24', 'D25', 'D26', 'D27', 'D28', 'D29', 'D30', 'D31', 'D32', 'D33', 'D34', 'D35', 'D36', 'D37', 'D38', 'D39', 'D40', 'D41', 'D42', 'D43', 'D44', 'D45', 'D46', 'D47', 'D48', 'D49', 'D50', 'D51', 'D52', 'D53', 'D54', 'D55', 'D56', 'D57', 'D58', 'D59', 'D60', 'D61', 'D62', 'D63', 'D64', 'D65', 'D66', 'D67', 'D68', 'D69', 'D70', 'D71', 'D72', 'D73', 'D74', 'D75', 'D76', 'D77', 'D78', 'D79', 'D80', 'D81', 'D82', 'D83', 'D84', 'D85', 'D86', 'D87', 'D88', 'D89', 'D90', 'D91', 'D92', 'D93', 'D94', 'D95', 'D96', 'D97', 'D98', 'D99', 'D100', 'D101', 'D102', 'D103', 'D104', 'D105', 'D106', 'D107', 'D108', 'D109', 'D110', 'D111', 'D112', 'D113', 'D114', 'D115', 'D116', 'D117', 'D118', 'D119', 'D120', 'D121', 'D122', 'D123', 'D124', 'D125', 'D126', 'D127', 'D128', 'D129', 'D130', 'D131', 'D132', 'D133', 'D134', 'D135', 'D136', 'D137', 'D138', 'D139', 'D140', 'D141', 'D142', 'D143', 'D144', 'D145', 'D146', 'D147', 'D148', 'D149', 'D150', 'D151', 'D152', 'D153', 'D154', 'D155', 'D156', 'D157', 'D158', 'D159', 'D160', 'D161', 'D162', 'D163', 'D164', 'D165', 'D166', 'D167', 'D168', 'D169', 'D170', 'D171', 'D172', 'D173', 'D174', 'D175', 'D176', 'D177', 'D178', 'D179', 'D180', 'D181', 'D182', 'D183', 'D184', 'D185', 'D186', 'D187', 'D188', 'D189', 'D190', 'D191', 'D192', 'D193', 'D194', 'D195', 'D196', 'D197', 'D198', 'D199', 'D200', 'D201', 'D202', 'D203', 'D204', 'D205', 'D206', 'D207', 'D208', 'D209', 'D210', 'D211', 'D212', 'D213', 'D214', 'D215', 'D216', 'D217', 'D218', 'D219', 'D220', 'D221', 'D222', 'D223', 'D224', 'D225', 'D226', 'D227', 'D228', 'D229', 'D230', 'D231', 'D232', 'D233', 'D234', 'D235', 'D236', 'D237', 'D238', 'D239', 'D240', 'D241', 'D242', 'D243', 'D244', 'D245', 'D246', 'D247', 'D248', 'D249', 'D250', 'D251', 'D252', 'D253', 'D254', 'D255', 'D256', 'D257', 'D258', 'D259', 'D260', 'D261', 'D262', 'D263', 'D264', 'D265', 'D266', 'D267', 'D268', 'D269', 'D270', 'D271', 'D272', 'D273', 'D274', 'D275', 'D276', 'D277', 'D278', 'D279', 'D280', 'D281', 'D282', 'D283', 'D284', 'D285', 'D286', 'D287', 'D288', 'D289', 'D290', 'D291', 'D292', 'D293', 'D294', 'D295', 'D296', 'D297', 'D298', 'D299', 'D300', 'D301', 'D302', 'D303', 'D304', 'D305', 'D306', 'D307', 'D308', 'D309', 'D310', 'D311', 'D312', 'D313', 'D314', 'D315', 'D316', 'D317', 'D318', 'D319', 'D320', 'D321', 'D322', 'D323', 'D324', 'D325', 'D326', 'D327', 'D328', 'D329', 'D330', 'D331', 'D332', 'D333', 'D334', 'D335', 'D336', 'D337', 'D338', 'D339', 'D340', 'D341', 'D342', 'D343', 'D344', 'D345', 'D346', 'D347', 'D348', 'D349', 'D350', 'D351', 'D352', 'D353', 'D354', 'D355', 'D356', 'D357', 'D358', 'D359', 'D360', 'D361', 'D362', 'D363', 'D364', 'D365', 'D366', 'D367', 'D368', 'D369', 'D370', 'D371', 'D372', 'D373', 'D374', 'D375', 'D376', 'D377', 'D378', 'D379', 'D380', 'D381', 'D382', 'D383', 'D384', 'D385', 'D386', 'D387', 'D388', 'D389', 'D390', 'D391', 'D392', 'D393', 'D394', 'D395', 'D396', 'D397', 'D398', 'D399', 'D400', 'D401', 'D402', 'D403', 'D404', 'D405', 'D406', 'D407', 'D408', 'D409', 'D410', 'D411', 'D412', 'D413', 'D414', 'D415', 'D416', 'D417', 'D418', 'D419', 'D420', 'D421', 'D422', 'D423', 'D424', 'D425', 'D426', 'D427', 'D428', 'D429', 'D430', 'D431', 'D432', 'D433', 'D434', 'D435', 'D436', 'D437', 'D438', 'D439', 'D440', 'D441', 'D442', 'D443', 'D444', 'D445', 'D446', 'D447', 'D448', 'D449', 'D450', 'D451', 'D452', 'D453', 'D454', 'D455', 'D456', 'D457', 'D458', 'D459', 'D460', 'D461', 'D462', 'D463', 'D464', 'D465', 'D466', 'D467', 'D468', 'D469', 'D470', 'D471', 'D472', 'D473', 'D474', 'D475', 'D476', 'D477', 'D478', 'D479', 'D480', 'D481', 'D482', 'D483', 'D484', 'D485', 'D486', 'D487', 'D488', 'D489', 'D490', 'D491', 'D492', 'D493', 'D494', 'D495', 'D496', 'D497', 'D498', 'D499', 'D500', 'D501', 'D502', 'D503', 'D504', 'D505', 'D506', 'D507', 'D508', 'D509', 'D510', 'D511', 'D512']
02-21 20:28:40 com_github_MitjaNemec_PlaceFootprints.action_place_footprints 376:wx.Colour(248, 248, 249, 255)
02-21 20:28:43 com_github_MitjaNemec_PlaceFootprints.action_place_footprints 507:'3.450'
02-21 20:28:43 com_github_MitjaNemec_PlaceFootprints.action_place_footprints 566:Preparing config for reference matrix
02-21 20:28:43 com_github_MitjaNemec_PlaceFootprints.action_place_footprints 573:Saving config file
02-21 20:28:43 com_github_MitjaNemec_PlaceFootprints.action_place_footprints 575:Saved the config file
02-21 20:28:43 com_github_MitjaNemec_PlaceFootprints.action_place_footprints 929:Footprints to place:
['D1', 'D2', 'D3', 'D4', 'D5', 'D6', 'D7', 'D8', 'D9', 'D10', 'D11', 'D12', 'D13', 'D14', 'D15', 'D16', 'D17', 'D18', 'D19', 'D20', 'D21', 'D22', 'D23', 'D24', 'D25', 'D26', 'D27', 'D28', 'D29', 'D30', 'D31', 'D32', 'D33', 'D34', 'D35', 'D36', 'D37', 'D38', 'D39', 'D40', 'D41', 'D42', 'D43', 'D44', 'D45', 'D46', 'D47', 'D48', 'D49', 'D50', 'D51', 'D52', 'D53', 'D54', 'D55', 'D56', 'D57', 'D58', 'D59', 'D60', 'D61', 'D62', 'D63', 'D64', 'D65', 'D66', 'D67', 'D68', 'D69', 'D70', 'D71', 'D72', 'D73', 'D74', 'D75', 'D76', 'D77', 'D78', 'D79', 'D80', 'D81', 'D82', 'D83', 'D84', 'D85', 'D86', 'D87', 'D88', 'D89', 'D90', 'D91', 'D92', 'D93', 'D94', 'D95', 'D96', 'D97', 'D98', 'D99', 'D100', 'D101', 'D102', 'D103', 'D104', 'D105', 'D106', 'D107', 'D108', 'D109', 'D110', 'D111', 'D112', 'D113', 'D114', 'D115', 'D116', 'D117', 'D118', 'D119', 'D120', 'D121', 'D122', 'D123', 'D124', 'D125', 'D126', 'D127', 'D128', 'D129', 'D130', 'D131', 'D132', 'D133', 'D134', 'D135', 'D136', 'D137', 'D138', 'D139', 'D140', 'D141', 'D142', 'D143', 'D144', 'D145', 'D146', 'D147', 'D148', 'D149', 'D150', 'D151', 'D152', 'D153', 'D154', 'D155', 'D156', 'D157', 'D158', 'D159', 'D160', 'D161', 'D162', 'D163', 'D164', 'D165', 'D166', 'D167', 'D168', 'D169', 'D170', 'D171', 'D172', 'D173', 'D174', 'D175', 'D176', 'D177', 'D178', 'D179', 'D180', 'D181', 'D182', 'D183', 'D184', 'D185', 'D186', 'D187', 'D188', 'D189', 'D190', 'D191', 'D192', 'D193', 'D194', 'D195', 'D196', 'D197', 'D198', 'D199', 'D200', 'D201', 'D202', 'D203', 'D204', 'D205', 'D206', 'D207', 'D208', 'D209', 'D210', 'D211', 'D212', 'D213', 'D214', 'D215', 'D216', 'D217', 'D218', 'D219', 'D220', 'D221', 'D222', 'D223', 'D224', 'D225', 'D226', 'D227', 'D228', 'D229', 'D230', 'D231', 'D232', 'D233', 'D234', 'D235', 'D236', 'D237', 'D238', 'D239', 'D240', 'D241', 'D242', 'D243', 'D244', 'D245', 'D246', 'D247', 'D248', 'D249', 'D250', 'D251', 'D252', 'D253', 'D254', 'D255', 'D256', 'D257', 'D258', 'D259', 'D260', 'D261', 'D262', 'D263', 'D264', 'D265', 'D266', 'D267', 'D268', 'D269', 'D270', 'D271', 'D272', 'D273', 'D274', 'D275', 'D276', 'D277', 'D278', 'D279', 'D280', 'D281', 'D282', 'D283', 'D284', 'D285', 'D286', 'D287', 'D288', 'D289', 'D290', 'D291', 'D292', 'D293', 'D294', 'D295', 'D296', 'D297', 'D298', 'D299', 'D300', 'D301', 'D302', 'D303', 'D304', 'D305', 'D306', 'D307', 'D308', 'D309', 'D310', 'D311', 'D312', 'D313', 'D314', 'D315', 'D316', 'D317', 'D318', 'D319', 'D320', 'D321', 'D322', 'D323', 'D324', 'D325', 'D326', 'D327', 'D328', 'D329', 'D330', 'D331', 'D332', 'D333', 'D334', 'D335', 'D336', 'D337', 'D338', 'D339', 'D340', 'D341', 'D342', 'D343', 'D344', 'D345', 'D346', 'D347', 'D348', 'D349', 'D350', 'D351', 'D352', 'D353', 'D354', 'D355', 'D356', 'D357', 'D358', 'D359', 'D360', 'D361', 'D362', 'D363', 'D364', 'D365', 'D366', 'D367', 'D368', 'D369', 'D370', 'D371', 'D372', 'D373', 'D374', 'D375', 'D376', 'D377', 'D378', 'D379', 'D380', 'D381', 'D382', 'D383', 'D384', 'D385', 'D386', 'D387', 'D388', 'D389', 'D390', 'D391', 'D392', 'D393', 'D394', 'D395', 'D396', 'D397', 'D398', 'D399', 'D400', 'D401', 'D402', 'D403', 'D404', 'D405', 'D406', 'D407', 'D408', 'D409', 'D410', 'D411', 'D412', 'D413', 'D414', 'D415', 'D416', 'D417', 'D418', 'D419', 'D420', 'D421', 'D422', 'D423', 'D424', 'D425', 'D426', 'D427', 'D428', 'D429', 'D430', 'D431', 'D432', 'D433', 'D434', 'D435', 'D436', 'D437', 'D438', 'D439', 'D440', 'D441', 'D442', 'D443', 'D444', 'D445', 'D446', 'D447', 'D448', 'D449', 'D450', 'D451', 'D452', 'D453', 'D454', 'D455', 'D456', 'D457', 'D458', 'D459', 'D460', 'D461', 'D462', 'D463', 'D464', 'D465', 'D466', 'D467', 'D468', 'D469', 'D470', 'D471', 'D472', 'D473', 'D474', 'D475', 'D476', 'D477', 'D478', 'D479', 'D480', 'D481', 'D482', 'D483', 'D484', 'D485', 'D486', 'D487', 'D488', 'D489', 'D490', 'D491', 'D492', 'D493', 'D494', 'D495', 'D496', 'D497', 'D498', 'D499', 'D500', 'D501', 'D502', 'D503', 'D504', 'D505', 'D506', 'D507', 'D508', 'D509', 'D510', 'D511', 'D512']
02-21 20:28:43 com_github_MitjaNemec_PlaceFootprints.place_footprints 427:Starting placing with matrix layout
02-21 20:28:43 com_github_MitjaNemec_PlaceFootprints.action_place_footprints 999:Placing complete
